{
  "RSpec": {
    "coverage": {
      "/media/HDisk/Development/bootcamp/Feb/3/calculator/lib/application.rb": [
        1,
        1
      ],
      "/media/HDisk/Development/bootcamp/Feb/3/calculator/lib/application/calculator.rb": [
        1,
        null,
        1,
        12,
        null,
        null,
        1,
        3,
        null,
        null,
        1,
        2,
        null,
        null,
        1,
        2,
        null,
        null,
        1,
        2,
        null,
        null,
        1,
        2,
        null,
        null,
        null
      ],
      "/media/HDisk/Development/bootcamp/Feb/3/calculator/lib/application/parser.rb": [
        1,
        null,
        1,
        6,
        null,
        null,
        1,
        6,
        null,
        6,
        6,
        1,
        null,
        5,
        null,
        1,
        1,
        null,
        null,
        null
      ],
      "/media/HDisk/Development/bootcamp/Feb/3/calculator/spec/application/parser_spec.rb": [
        1,
        null,
        1,
        null,
        7,
        null,
        1,
        1,
        null,
        null,
        1,
        1,
        null,
        null,
        1,
        1,
        null,
        null,
        1,
        1,
        null,
        null,
        1,
        1,
        null,
        null,
        1,
        1,
        null,
        null,
        null
      ]
    },
    "timestamp": 1422970715
  }
}
