{
  "RSpec": {
    "coverage": {
      "/media/HDisk/Development/bootcamp/Feb/3/calculator/lib/application.rb": [
        1
      ],
      "/media/HDisk/Development/bootcamp/Feb/3/calculator/lib/application/calculator.rb": [
        1,
        null,
        1,
        6,
        null,
        null,
        1,
        2,
        null,
        null,
        1,
        1,
        null,
        null,
        1,
        1,
        null,
        null,
        1,
        1,
        null,
        null,
        1,
        1,
        null,
        null,
        null
      ]
    },
    "timestamp": 1422968961
  }
}
