{
  "RSpec": {
    "coverage": {
      "/Users/c42engineering/Documents/Shishir/ObjectBootcamp/Jan/12/Wealth/lib/wealth.rb": [
        1
      ],
      "/Users/c42engineering/Documents/Shishir/ObjectBootcamp/Jan/12/Wealth/lib/wealth/money.rb": [
        1,
        null,
        1,
        1,
        51,
        null,
        null,
        1,
        5,
        null,
        null,
        1,
        47,
        null,
        null,
        1,
        9,
        null,
        null,
        1,
        9,
        null,
        null,
        1,
        11,
        null,
        null,
        1,
        2,
        null,
        null,
        null
      ]
    },
    "timestamp": 1421135672
  }
}
