{
  "RSpec": {
    "coverage": {
      "/Users/c42engineering/Documents/Shishir/ObjectBootcamp/Jan/12/Wealth/lib/wealth.rb": [
        1
      ],
      "/Users/c42engineering/Documents/Shishir/ObjectBootcamp/Jan/12/Wealth/lib/wealth/money.rb": [
        1,
        null,
        1,
        1,
        1,
        0,
        0,
        0,
        null,
        null,
        1,
        0,
        0,
        null,
        null,
        1,
        0,
        null,
        null,
        1,
        0,
        null,
        null,
        1,
        0,
        null,
        null,
        1,
        0,
        null,
        null,
        1,
        0,
        null,
        null,
        1,
        0,
        null,
        null,
        null
      ]
    },
    "timestamp": 1421064147
  }
}
